<?xml version="1.0" encoding="UTF-8"?>
<testsuite xmlns:xsi="http://www.w3.org/2001/XMLSchema-instance" xsi:noNamespaceSchemaLocation="https://maven.apache.org/surefire/maven-surefire-plugin/xsd/surefire-test-report-3.0.xsd" version="3.0" name="Allegro_Test" time="56.136" tests="1" errors="1" skipped="0" failures="0">
  <properties>
[...]
</properties>
  <testcase name="execute" classname="Allegro_Test" time="56.045">
    <error message="For input string: &quot;959,0&quot;" type="java.lang.NumberFormatException">java.lang.NumberFormatException: For input string: "959,0"
	at Allegro_Test.stepThree(Allegro_Test.java:91)
	at Allegro_Test.execute(Allegro_Test.java:41)
</error>
    <system-out><![CDATA[There are 62 Iphones on the page. ]]></system-out>
    <system-err><![CDATA[1590177006641	mozrunner::runner	INFO	Running command: "/usr/lib/firefox/firefox" "-marionette" "-foreground" "-no-remote" "-profile" "/tmp/rust_mozprofileYlbKDC"
1590177007306	addons.webextension.doh-rollout@mozilla.org	WARN	Loading extension 'doh-rollout@mozilla.org': Reading manifest: Invalid extension permission: networkStatus
1590177009013	addons.webextension.screenshots@mozilla.org	WARN	Loading extension 'screenshots@mozilla.org': Reading manifest: Invalid extension permission: mozillaAddons
1590177009013	addons.webextension.screenshots@mozilla.org	WARN	Loading extension 'screenshots@mozilla.org': Reading manifest: Invalid extension permission: telemetry
1590177009013	addons.webextension.screenshots@mozilla.org	WARN	Loading extension 'screenshots@mozilla.org': Reading manifest: Invalid extension permission: resource://pdf.js/
1590177009013	addons.webextension.screenshots@mozilla.org	WARN	Loading extension 'screenshots@mozilla.org': Reading manifest: Invalid extension permission: about:reader*
1590177012060	Marionette	INFO	Listening on port 37605
1590177012162	Marionette	WARN	TLS certificate errors will be ignored for this session
May 22, 2020 9:50:12 PM org.openqa.selenium.remote.ProtocolHandshake createSession
INFO: Detected dialect: W3C
1590177055122	Marionette	INFO	Stopped listening on port 37605
]]></system-err>
  </testcase>
</testsuite>